Discovering target: Default
Discovering tests from assembly: C:\jimmy\JimmyJohnsAutomation\JimmyJohnsAutomation\bin\Debug\JimmyJohnsAutomation.dll
Appdomain Disposed
Test Suite Dump
#0: JimmyJohnsAutomation/Default - 
#1: Default - 
#2: JimmyJohnsAutomation - 
#3: Create a Jimmy Johns user account - 
#8: Menu - 
#4: Create a Jimmy Johns user account - TestAssembly:JimmyJohnsAutomation/Feature:Create+a+Jimmy+Johns+user+account/Scenario:Create+a+Jimmy+Johns+user+account
#6: Add a Jimmy Johns user account with NBuilder Data - TestAssembly:JimmyJohnsAutomation/Feature:Create+a+Jimmy+Johns+user+account/Scenario:Add+a+Jimmy+Johns+user+account+with+NBuilder+Data
#7: Add a Jimmy Johns user account with NBuilder List Data - TestAssembly:JimmyJohnsAutomation/Feature:Create+a+Jimmy+Johns+user+account/Scenario:Add+a+Jimmy+Johns+user+account+with+NBuilder+List+Data
#9: Navigate to the Menu page - TestAssembly:JimmyJohnsAutomation/Feature:Menu/Scenario:Navigate+to+the+Menu+page
End: Test Suite Dump
Thread#0:Scheduler: get next test for thread 0
Thread#:Scheduler: testitem #4 from normal test queue 
Thread#0:Scheduler: considering testitem #4 for thread 0
Thread#0:TestItem#4:testItemMatchesCurrentTestThread:UnSpecific
Thread#0:TestItem#4:runsOnOneOtherThreadSpecific:False
Thread#0:TestItem#4:runsOnOneOtherThreadUnspecific:False
Thread#0:Scheduler: using testitem #4 for thread 0
Thread#0:Scheduler: Test #4 is scheduled for thread
Thread#0:Scheduler: with testItemExecutionIndex 0
Thread #0: creating new test thread executor for JimmyJohnsAutomation, Version=1.0.0.0, Culture=neutral, PublicKeyToken=null (target: Default)
Loading SpecRun type 'TechTalk.SpecRun.Framework.TestAssemblyExecutor' from: C:\jimmy\JimmyJohnsAutomation\packages\SpecRun.Runner.1.6.0\tools\TechTalk.SpecRun.Framework.Executor.dll
Thread#0: Test #4/0 is started on thread #0
Thread#0:T:-> Using app.config
Thread#0:B:Given I go to the Jimmy John Home Page
Thread#0:T:done: NavigationSteps.GivenIGoToTheJimmyJohnHomePage() (4.7s)
Thread#0:B:Given I go to the Create account page
Thread#0:T:done: NavigationSteps.GivenIGoToTheCreateAccountPage() (9.1s)
Thread#0:B:When I create a new account with a Page Object
Thread#0:T:done: CreateAccountSteps.WhenICreateANewAccountWithAPageObject() (23.5s)
Thread#0:B:Then the Jimmy John user is created
Thread#0:T:done: CreateAccountSteps.ThenTheJimmyJohnUserIsCreated() (1.2s)
Thread#0:Scheduler: get next test for thread 0
Thread#:Scheduler: testitem #6 from normal test queue 
Thread#0:Scheduler: considering testitem #6 for thread 0
Thread#0:TestItem#6:testItemMatchesCurrentTestThread:UnSpecific
Thread#0:TestItem#6:runsOnOneOtherThreadSpecific:False
Thread#0:TestItem#6:runsOnOneOtherThreadUnspecific:False
Thread#0:Scheduler: using testitem #6 for thread 0
Thread#0:Scheduler: Test #6 is scheduled for thread
Thread#0:Scheduler: with testItemExecutionIndex 0
Thread#0: Test #4/0 is finished on thread #0 as Succeeded within 49.855 seconds
Thread#0: Test #6/0 is started on thread #0
Thread#0:B:Given I go to the Jimmy John Home Page
Thread#0:T:done: NavigationSteps.GivenIGoToTheJimmyJohnHomePage() (4.4s)
Thread#0:B:Given I go to the Create account page
Thread#0:T:done: NavigationSteps.GivenIGoToTheCreateAccountPage() (6.3s)
Thread#0:B:When I create a new account with an NBuilder Person
Thread#0:T:done: PersonNbuilderSteps.WhenICreateANewAccountWithAnNBuilderPerson() (24.4s)
Thread#0:B:Then the Jimmy John user is created
Thread#0:T:done: CreateAccountSteps.ThenTheJimmyJohnUserIsCreated() (1.1s)
Thread#0:Scheduler: get next test for thread 0
Thread#:Scheduler: testitem #7 from normal test queue 
Thread#0:Scheduler: considering testitem #7 for thread 0
Thread#0:TestItem#7:testItemMatchesCurrentTestThread:UnSpecific
Thread#0:TestItem#7:runsOnOneOtherThreadSpecific:False
Thread#0:TestItem#7:runsOnOneOtherThreadUnspecific:False
Thread#0:Scheduler: using testitem #7 for thread 0
Thread#0:Scheduler: Test #7 is scheduled for thread
Thread#0:Scheduler: with testItemExecutionIndex 0
Thread#0: Test #6/0 is finished on thread #0 as Succeeded within 46.08 seconds
Thread#0: Test #7/0 is started on thread #0
Thread#0:B:Given I go to the Jimmy John Home Page
Thread#0:T:done: NavigationSteps.GivenIGoToTheJimmyJohnHomePage() (4.1s)
Thread#0:B:Given I go to the Create account page
Thread#0:T:done: NavigationSteps.GivenIGoToTheCreateAccountPage() (7.0s)
Thread#0:B:When I create a new account with NBuilder List of Person Data
Thread#0:T:done: PersonNbuilderSteps.WhenICreateANewAccountWithNBuilderListOfPersonData() (24.7s)
Thread#0:B:Then the Jimmy John user is created
Thread#0:T:done: CreateAccountSteps.ThenTheJimmyJohnUserIsCreated() (1.1s)
Thread#0:Scheduler: get next test for thread 0
Thread#:Scheduler: testitem #9 from normal test queue 
Thread#0:Scheduler: considering testitem #9 for thread 0
Thread#0:TestItem#9:testItemMatchesCurrentTestThread:UnSpecific
Thread#0:TestItem#9:runsOnOneOtherThreadSpecific:False
Thread#0:TestItem#9:runsOnOneOtherThreadUnspecific:False
Thread#0:Scheduler: using testitem #9 for thread 0
Thread#0:Scheduler: Test #9 is scheduled for thread
Thread#0:Scheduler: with testItemExecutionIndex 0
Thread#0: Test #7/0 is finished on thread #0 as Succeeded within 46.953 seconds
Thread#0: Test #9/0 is started on thread #0
Thread#0:B:Given I go to the Jimmy John Home Page
Thread#0:T:done: NavigationSteps.GivenIGoToTheJimmyJohnHomePage() (4.0s)
Thread#0:B:When I use the menu to navigate to the Menu Page
Thread#0:T:done: NavigationSteps.WhenIUseTheMenuToNavigateToTheMenuPage() (3.2s)
Thread#0:B:Then the Menu Page is displayed
Thread#0:T:done: NavigationSteps.ThenTheMenuPageIsDisplayed() (0.7s)
Thread#0:Scheduler: get next test for thread 0
Thread#:Scheduler: at the end of normal test queue
Thread#0:Scheduler: enumerator for thread is at end
Thread#0:Scheduler: No more tests for thread
Thread#0: Test #9/0 is finished on thread #0 as Succeeded within 15.799 seconds
Appdomain Disposed
Thread#-1:Scheduler: get next test for thread -1
Thread#:Scheduler: at the end of normal test queue
Thread#-1:Scheduler: enumerator for thread is at end
Total: 4
Succeeded: 4
Ignored: 0
Pending: 0
Skipped: 0
Failed: 0
